============================================================
图片压缩工具 - 增强版本
源目录: /Users/yimingyan/project/qingqing27/images_ori
目标目录: /Users/yimingyan/project/qingqing27/images
目标大小: 200.0KB
============================================================
删除现有目标目录: /Users/yimingyan/project/qingqing27/images
找到 32 个图片文件
开始压缩...

处理: 1.png (1084.8KB)
  PNG仍然过大，转换为JPEG格式
  ✓ 压缩成功: 1084.8KB → 125.4KB (质量:80, 减少88.4%)
处理: 1.png (1095.1KB)
  PNG仍然过大，转换为JPEG格式
  ✓ 压缩成功: 1095.1KB → 141.4KB (质量:80, 减少87.1%)
处理: 6.png (2164.0KB)
  PNG仍然过大，转换为JPEG格式
  第1次尝试: 340.6KB > 200.0KB, 质量降至74
  第2次尝试: 296.7KB > 200.0KB, 质量降至68
  第3次尝试: 261.4KB > 200.0KB, 质量降至62
  第4次尝试: 235.8KB > 200.0KB, 质量降至56
  第5次尝试: 215.9KB > 200.0KB, 质量降至50
  ⚠ 部分压缩: 2164.0KB → 215.9KB (质量:50, 减少90.0%)
处理: 4.jpg (237.7KB)
  第1次尝试: 259.9KB > 200.0KB, 质量降至74
  第2次尝试: 238.9KB > 200.0KB, 质量降至68
  第3次尝试: 231.1KB > 200.0KB, 质量降至62
  第4次尝试: 221.6KB > 200.0KB, 质量降至56
  第5次尝试: 206.0KB > 200.0KB, 质量降至50
  ⚠ 部分压缩: 237.7KB → 206.0KB (质量:50, 减少13.3%)
处理: 5.jpg (157.2KB)
  ✓ 已复制 (原文件已小于200.0KB)
处理: 6.jpg (250.9KB)
  第1次尝试: 273.1KB > 200.0KB, 质量降至74
  第2次尝试: 252.3KB > 200.0KB, 质量降至68
  第3次尝试: 243.6KB > 200.0KB, 质量降至62
  第4次尝试: 234.2KB > 200.0KB, 质量降至56
  第5次尝试: 218.2KB > 200.0KB, 质量降至50
  ⚠ 部分压缩: 250.9KB → 218.2KB (质量:50, 减少13.0%)
处理: 2.jpg (309.6KB)
  第1次尝试: 281.5KB > 200.0KB, 质量降至74
  第2次尝试: 263.0KB > 200.0KB, 质量降至68
  第3次尝试: 218.1KB > 200.0KB, 质量降至62
  ✓ 压缩成功: 309.6KB → 189.3KB (质量:62, 减少38.9%)
处理: 3.jpg (355.5KB)
  第1次尝试: 434.1KB > 200.0KB, 质量降至74
  第2次尝试: 414.8KB > 200.0KB, 质量降至68
  第3次尝试: 383.0KB > 200.0KB, 质量降至62
  第4次尝试: 374.4KB > 200.0KB, 质量降至56
  第5次尝试: 363.7KB > 200.0KB, 质量降至50
  ⚠ 部分压缩: 355.5KB → 363.7KB (质量:50, 减少-2.3%)
处理: 1.jpg (133.5KB)
  ✓ 已复制 (原文件已小于200.0KB)
处理: 4.jpg (144.1KB)
  ✓ 已复制 (原文件已小于200.0KB)
处理: 2.jpg (139.5KB)
  ✓ 已复制 (原文件已小于200.0KB)
处理: 3.jpg (136.2KB)
  ✓ 已复制 (原文件已小于200.0KB)
处理: 4.jpg (239.4KB)
  第1次尝试: 260.0KB > 200.0KB, 质量降至74
  第2次尝试: 239.4KB > 200.0KB, 质量降至68
  第3次尝试: 230.3KB > 200.0KB, 质量降至62
  第4次尝试: 220.9KB > 200.0KB, 质量降至56
  第5次尝试: 204.4KB > 200.0KB, 质量降至50
  ⚠ 部分压缩: 239.4KB → 204.4KB (质量:50, 减少14.6%)
处理: 2.jpg (239.6KB)
  第1次尝试: 288.9KB > 200.0KB, 质量降至74
  第2次尝试: 276.9KB > 200.0KB, 质量降至68
  第3次尝试: 257.7KB > 200.0KB, 质量降至62
  第4次尝试: 251.0KB > 200.0KB, 质量降至56
  第5次尝试: 242.9KB > 200.0KB, 质量降至50
  ⚠ 部分压缩: 239.6KB → 242.9KB (质量:50, 减少-1.4%)
处理: 3.jpg (191.4KB)
  ✓ 已复制 (原文件已小于200.0KB)
处理: 2.jpg (302.6KB)
  第1次尝试: 413.6KB > 200.0KB, 质量降至74
  第2次尝试: 375.5KB > 200.0KB, 质量降至68
  第3次尝试: 364.3KB > 200.0KB, 质量降至62
  第4次尝试: 353.9KB > 200.0KB, 质量降至56
  第5次尝试: 346.4KB > 200.0KB, 质量降至50
  ⚠ 部分压缩: 302.6KB → 346.4KB (质量:50, 减少-14.5%)
处理: 3.jpg (243.3KB)
  第1次尝试: 264.8KB > 200.0KB, 质量降至74
  第2次尝试: 244.8KB > 200.0KB, 质量降至68
  第3次尝试: 236.3KB > 200.0KB, 质量降至62
  第4次尝试: 227.0KB > 200.0KB, 质量降至56
  第5次尝试: 212.1KB > 200.0KB, 质量降至50
  ⚠ 部分压缩: 243.3KB → 212.1KB (质量:50, 减少12.8%)
处理: 1.jpg (74.6KB)
  ✓ 已复制 (原文件已小于200.0KB)
处理: 2.jpg (43.8KB)
  ✓ 已复制 (原文件已小于200.0KB)
处理: 1.jpg (167.3KB)
  ✓ 已复制 (原文件已小于200.0KB)
处理: 4.jpg (304.8KB)
  第1次尝试: 335.5KB > 200.0KB, 质量降至74
  第2次尝试: 309.9KB > 200.0KB, 质量降至68
  第3次尝试: 297.3KB > 200.0KB, 质量降至62
  第4次尝试: 284.2KB > 200.0KB, 质量降至56
  第5次尝试: 264.9KB > 200.0KB, 质量降至50
  ⚠ 部分压缩: 304.8KB → 264.9KB (质量:50, 减少13.1%)
处理: 5.jpg (224.4KB)
  第1次尝试: 261.8KB > 200.0KB, 质量降至74
  第2次尝试: 251.5KB > 200.0KB, 质量降至68
  第3次尝试: 235.6KB > 200.0KB, 质量降至62
  第4次尝试: 230.1KB > 200.0KB, 质量降至56
  第5次尝试: 222.7KB > 200.0KB, 质量降至50
  ⚠ 部分压缩: 224.4KB → 222.7KB (质量:50, 减少0.8%)
处理: 2.jpg (606.4KB)
  第1次尝试: 264.9KB > 200.0KB, 质量降至74
  第2次尝试: 232.2KB > 200.0KB, 质量降至68
  第3次尝试: 203.5KB > 200.0KB, 质量降至62
  ✓ 压缩成功: 606.4KB → 182.4KB (质量:62, 减少69.9%)
处理: 3.jpg (246.6KB)
  第1次尝试: 297.3KB > 200.0KB, 质量降至74
  第2次尝试: 285.3KB > 200.0KB, 质量降至68
  第3次尝试: 264.5KB > 200.0KB, 质量降至62
  第4次尝试: 257.9KB > 200.0KB, 质量降至56
  第5次尝试: 249.8KB > 200.0KB, 质量降至50
  ⚠ 部分压缩: 246.6KB → 249.8KB (质量:50, 减少-1.3%)
处理: 1.jpg (284.6KB)
  第1次尝试: 346.5KB > 200.0KB, 质量降至74
  第2次尝试: 331.1KB > 200.0KB, 质量降至68
  第3次尝试: 306.9KB > 200.0KB, 质量降至62
  第4次尝试: 300.3KB > 200.0KB, 质量降至56
  第5次尝试: 290.7KB > 200.0KB, 质量降至50
  ⚠ 部分压缩: 284.6KB → 290.7KB (质量:50, 减少-2.1%)
处理: 4.jpg (193.9KB)
  ✓ 已复制 (原文件已小于200.0KB)
处理: 5.jpg (248.1KB)
  第1次尝试: 272.6KB > 200.0KB, 质量降至74
  第2次尝试: 249.7KB > 200.0KB, 质量降至68
  第3次尝试: 240.5KB > 200.0KB, 质量降至62
  第4次尝试: 230.6KB > 200.0KB, 质量降至56
  第5次尝试: 211.9KB > 200.0KB, 质量降至50
  ⚠ 部分压缩: 248.1KB → 211.9KB (质量:50, 减少14.6%)
处理: 7.jpg (188.8KB)
  ✓ 已复制 (原文件已小于200.0KB)
处理: 6.jpg (329.7KB)
  第1次尝试: 400.1KB > 200.0KB, 质量降至74
  第2次尝试: 383.1KB > 200.0KB, 质量降至68
  第3次尝试: 356.6KB > 200.0KB, 质量降至62
  第4次尝试: 347.1KB > 200.0KB, 质量降至56
  第5次尝试: 337.3KB > 200.0KB, 质量降至50
  ⚠ 部分压缩: 329.7KB → 337.3KB (质量:50, 减少-2.3%)
处理: 2.jpg (244.0KB)
  第1次尝试: 266.1KB > 200.0KB, 质量降至74
  第2次尝试: 246.4KB > 200.0KB, 质量降至68
  第3次尝试: 237.9KB > 200.0KB, 质量降至62
  第4次尝试: 226.7KB > 200.0KB, 质量降至56
  第5次尝试: 212.2KB > 200.0KB, 质量降至50
  ⚠ 部分压缩: 244.0KB → 212.2KB (质量:50, 减少13.0%)
处理: 3.jpg (301.8KB)
  第1次尝试: 369.1KB > 200.0KB, 质量降至74
  第2次尝试: 352.0KB > 200.0KB, 质量降至68
  第3次尝试: 327.6KB > 200.0KB, 质量降至62
  第4次尝试: 320.0KB > 200.0KB, 质量降至56
  第5次尝试: 309.5KB > 200.0KB, 质量降至50
  ⚠ 部分压缩: 301.8KB → 309.5KB (质量:50, 减少-2.5%)
处理: 1.jpg (236.9KB)
  第1次尝试: 257.2KB > 200.0KB, 质量降至74
  第2次尝试: 239.0KB > 200.0KB, 质量降至68
  第3次尝试: 230.1KB > 200.0KB, 质量降至62
  第4次尝试: 220.9KB > 200.0KB, 质量降至56
  第5次尝试: 206.9KB > 200.0KB, 质量降至50
  ⚠ 部分压缩: 236.9KB → 206.9KB (质量:50, 减少12.7%)

============================================================
压缩完成！
总文件数: 32
成功处理: 32
  - 压缩优化: 14
  - 直接复制: 18
处理失败: 0
总大小: 10.9MB → 6.4MB
节省空间: 41.3%

警告: 仍有 17 个文件超过200.0KB:
  - green/4.jpg (206.0KB)
  - green/6.jpg (218.2KB)
  - green/3.jpg (363.7KB)
  - cyan/4.jpg (204.4KB)
  - cyan/2.jpg (242.9KB)
  - red/2.jpg (346.4KB)
  - red/3.jpg (212.1KB)
  - yellow/4.jpg (264.9KB)
  - yellow/5.jpg (222.7KB)
  - yellow/6.jpg (215.9KB)
  - yellow/3.jpg (249.8KB)
  - yellow/1.jpg (290.7KB)
  - orange/5.jpg (211.9KB)
  - orange/6.jpg (337.3KB)
  - orange/2.jpg (212.2KB)
  - orange/3.jpg (309.5KB)
  - orange/1.jpg (206.9KB)
============================================================
